2025-11-02 22:11:35 [[31merror[39m]: TypeError: Cannot create property 'Symbol(level)' on string 'MongoDB connected'
    at DerivedLogger.log (C:\Users\harsh\Desktop\web_development\youtube_clone\node_modules\winston\lib\winston\logger.js:236:20)
    at connectDB (C:\Users\harsh\Desktop\web_development\youtube_clone\config\db.js:6:16)
    at process.processTicksAndRejections (node:internal/process/task_queues:105:5)
2025-11-02 22:15:59 [[31merror[39m]: TypeError: Cannot create property 'Symbol(level)' on string 'MongoDB connected'
    at DerivedLogger.log (C:\Users\harsh\Desktop\web_development\youtube_clone\node_modules\winston\lib\winston\logger.js:236:20)
    at connectDB (C:\Users\harsh\Desktop\web_development\youtube_clone\config\db.js:6:16)
    at process.processTicksAndRejections (node:internal/process/task_queues:105:5)
2025-11-02 22:16:31 [[31merror[39m]: TypeError: Cannot create property 'Symbol(level)' on string 'MongoDB connected'
    at DerivedLogger.log (C:\Users\harsh\Desktop\web_development\youtube_clone\node_modules\winston\lib\winston\logger.js:236:20)
    at connectDB (C:\Users\harsh\Desktop\web_development\youtube_clone\config\db.js:6:16)
    at process.processTicksAndRejections (node:internal/process/task_queues:105:5)
2025-11-02 22:17:13 [[31merror[39m]: TypeError: Cannot create property 'Symbol(level)' on string 'MongoDB connected'
    at DerivedLogger.log (C:\Users\harsh\Desktop\web_development\youtube_clone\node_modules\winston\lib\winston\logger.js:236:20)
    at connectDB (C:\Users\harsh\Desktop\web_development\youtube_clone\config\db.js:6:16)
    at process.processTicksAndRejections (node:internal/process/task_queues:105:5)
2025-11-02 22:17:35 [[31merror[39m]: TypeError: Cannot create property 'Symbol(level)' on string 'MongoDB connected'
    at DerivedLogger.log (C:\Users\harsh\Desktop\web_development\youtube_clone\node_modules\winston\lib\winston\logger.js:236:20)
    at connectDB (C:\Users\harsh\Desktop\web_development\youtube_clone\config\db.js:6:16)
    at process.processTicksAndRejections (node:internal/process/task_queues:105:5)
2025-11-02 22:17:57 [[31merror[39m]: TypeError: Cannot create property 'Symbol(level)' on string 'MongoDB connected'
    at DerivedLogger.log (C:\Users\harsh\Desktop\web_development\youtube_clone\node_modules\winston\lib\winston\logger.js:236:20)
    at connectDB (C:\Users\harsh\Desktop\web_development\youtube_clone\config\db.js:6:16)
    at process.processTicksAndRejections (node:internal/process/task_queues:105:5)
2025-11-02 22:18:18 [[31merror[39m]: TypeError: Cannot create property 'Symbol(level)' on string 'MongoDB connected'
    at DerivedLogger.log (C:\Users\harsh\Desktop\web_development\youtube_clone\node_modules\winston\lib\winston\logger.js:236:20)
    at connectDB (C:\Users\harsh\Desktop\web_development\youtube_clone\config\db.js:6:16)
    at process.processTicksAndRejections (node:internal/process/task_queues:105:5)
2025-11-02 22:18:33 [[31merror[39m]: TypeError: Cannot create property 'Symbol(level)' on string 'MongoDB connected'
    at DerivedLogger.log (C:\Users\harsh\Desktop\web_development\youtube_clone\node_modules\winston\lib\winston\logger.js:236:20)
    at connectDB (C:\Users\harsh\Desktop\web_development\youtube_clone\config\db.js:6:16)
    at process.processTicksAndRejections (node:internal/process/task_queues:105:5)
2025-11-02 22:18:39 [[31merror[39m]: TypeError: Cannot create property 'Symbol(level)' on string 'MongoDB connected'
    at DerivedLogger.log (C:\Users\harsh\Desktop\web_development\youtube_clone\node_modules\winston\lib\winston\logger.js:236:20)
    at connectDB (C:\Users\harsh\Desktop\web_development\youtube_clone\config\db.js:6:16)
    at process.processTicksAndRejections (node:internal/process/task_queues:105:5)
2025-11-02 22:19:01 [[31merror[39m]: TypeError: Cannot create property 'Symbol(level)' on string 'MongoDB connected'
    at DerivedLogger.log (C:\Users\harsh\Desktop\web_development\youtube_clone\node_modules\winston\lib\winston\logger.js:236:20)
    at connectDB (C:\Users\harsh\Desktop\web_development\youtube_clone\config\db.js:6:16)
    at process.processTicksAndRejections (node:internal/process/task_queues:105:5)
2025-11-02 22:19:15 [[31merror[39m]: TypeError: Cannot create property 'Symbol(level)' on string 'MongoDB connected'
    at DerivedLogger.log (C:\Users\harsh\Desktop\web_development\youtube_clone\node_modules\winston\lib\winston\logger.js:236:20)
    at connectDB (C:\Users\harsh\Desktop\web_development\youtube_clone\config\db.js:6:16)
    at process.processTicksAndRejections (node:internal/process/task_queues:105:5)
2025-11-02 22:19:37 [[31merror[39m]: TypeError: Cannot create property 'Symbol(level)' on string 'MongoDB connected'
    at DerivedLogger.log (C:\Users\harsh\Desktop\web_development\youtube_clone\node_modules\winston\lib\winston\logger.js:236:20)
    at connectDB (C:\Users\harsh\Desktop\web_development\youtube_clone\config\db.js:6:16)
    at process.processTicksAndRejections (node:internal/process/task_queues:105:5)
2025-11-04 18:58:45 [[31merror[39m]: TypeError: colors[Colorizer.allColors[lookup]] is not a function
    at Colorizer.colorize (C:\Users\harsh\Desktop\web_development\youtube_clone\node_modules\logform\colorize.js:73:49)
    at Colorizer.transform (C:\Users\harsh\Desktop\web_development\youtube_clone\node_modules\logform\colorize.js:98:25)
    at Format.transform (C:\Users\harsh\Desktop\web_development\youtube_clone\node_modules\logform\combine.js:20:24)
    at DerivedLogger._transform (C:\Users\harsh\Desktop\web_development\youtube_clone\node_modules\winston\lib\winston\logger.js:336:29)
    at Transform._read (C:\Users\harsh\Desktop\web_development\youtube_clone\node_modules\readable-stream\lib\_stream_transform.js:166:10)
    at Transform._write (C:\Users\harsh\Desktop\web_development\youtube_clone\node_modules\readable-stream\lib\_stream_transform.js:155:83)
    at doWrite (C:\Users\harsh\Desktop\web_development\youtube_clone\node_modules\readable-stream\lib\_stream_writable.js:390:139)
    at writeOrBuffer (C:\Users\harsh\Desktop\web_development\youtube_clone\node_modules\readable-stream\lib\_stream_writable.js:381:5)
    at Writable.write (C:\Users\harsh\Desktop\web_development\youtube_clone\node_modules\readable-stream\lib\_stream_writable.js:302:11)
    at DerivedLogger.log (C:\Users\harsh\Desktop\web_development\youtube_clone\node_modules\winston\lib\winston\logger.js:253:12)
2025-11-04 19:29:30 [[31merror[39m]: TokenExpiredError: jwt expired
    at C:\Users\harsh\Desktop\web_development\youtube_clone\node_modules\jsonwebtoken\verify.js:190:21
    at getSecret (C:\Users\harsh\Desktop\web_development\youtube_clone\node_modules\jsonwebtoken\verify.js:97:14)
    at module.exports [as verify] (C:\Users\harsh\Desktop\web_development\youtube_clone\node_modules\jsonwebtoken\verify.js:101:10)
    at protect (C:\Users\harsh\Desktop\web_development\youtube_clone\middleware\authMiddleware.js:16:29)
    at Layer.handleRequest (C:\Users\harsh\Desktop\web_development\youtube_clone\node_modules\router\lib\layer.js:152:17)
    at next (C:\Users\harsh\Desktop\web_development\youtube_clone\node_modules\router\lib\route.js:157:13)
    at Route.dispatch (C:\Users\harsh\Desktop\web_development\youtube_clone\node_modules\router\lib\route.js:117:3)
    at handle (C:\Users\harsh\Desktop\web_development\youtube_clone\node_modules\router\index.js:435:11)
    at Layer.handleRequest (C:\Users\harsh\Desktop\web_development\youtube_clone\node_modules\router\lib\layer.js:152:17)
    at C:\Users\harsh\Desktop\web_development\youtube_clone\node_modules\router\index.js:295:15
2025-11-11 10:24:41 [[31merror[39m]: TypeError: Cannot read properties of null (reading '_id')
    at C:\Users\harsh\Desktop\web_development\youtube_clone\routes\auth.js:111:47
    at Layer.handleRequest (C:\Users\harsh\Desktop\web_development\youtube_clone\node_modules\router\lib\layer.js:152:17)
    at next (C:\Users\harsh\Desktop\web_development\youtube_clone\node_modules\router\lib\route.js:157:13)
    at protect (C:\Users\harsh\Desktop\web_development\youtube_clone\middleware\authMiddleware.js:18:9)
    at process.processTicksAndRejections (node:internal/process/task_queues:105:5)
2025-11-11 10:24:41 [[31merror[39m]: TypeError: Cannot read properties of null (reading '_id')
    at C:\Users\harsh\Desktop\web_development\youtube_clone\routes\auth.js:111:47
    at Layer.handleRequest (C:\Users\harsh\Desktop\web_development\youtube_clone\node_modules\router\lib\layer.js:152:17)
    at next (C:\Users\harsh\Desktop\web_development\youtube_clone\node_modules\router\lib\route.js:157:13)
    at protect (C:\Users\harsh\Desktop\web_development\youtube_clone\middleware\authMiddleware.js:18:9)
    at process.processTicksAndRejections (node:internal/process/task_queues:105:5)
