2025-11-02 22:15:43 [[31merror[39m]: C:\Users\harsh\Desktop\web_development\youtube_clone\middleware\authMiddleware.js:4
const logger
      ^^^^^^

SyntaxError: Missing initializer in const declaration
    at wrapSafe (node:internal/modules/cjs/loader:1469:18)
    at Module._compile (node:internal/modules/cjs/loader:1491:20)
    at Module._extensions..js (node:internal/modules/cjs/loader:1691:10)
    at Module.load (node:internal/modules/cjs/loader:1317:32)
    at Module._load (node:internal/modules/cjs/loader:1127:12)
    at TracingChannel.traceSync (node:diagnostics_channel:315:14)
    at wrapModuleLoad (node:internal/modules/cjs/loader:217:24)
    at Module.require (node:internal/modules/cjs/loader:1339:12)
    at require (node:internal/modules/helpers:135:16)
    at Object.<anonymous> (C:\Users\harsh\Desktop\web_development\youtube_clone\routes\auth.js:6:21)
2025-11-02 22:16:07 [[31merror[39m]: C:\Users\harsh\Desktop\web_development\youtube_clone\queues\videoQueue.js:5
const connection = {
^^^^^

SyntaxError: Unexpected token 'const'
    at wrapSafe (node:internal/modules/cjs/loader:1469:18)
    at Module._compile (node:internal/modules/cjs/loader:1491:20)
    at Module._extensions..js (node:internal/modules/cjs/loader:1691:10)
    at Module.load (node:internal/modules/cjs/loader:1317:32)
    at Module._load (node:internal/modules/cjs/loader:1127:12)
    at TracingChannel.traceSync (node:diagnostics_channel:315:14)
    at wrapModuleLoad (node:internal/modules/cjs/loader:217:24)
    at Module.require (node:internal/modules/cjs/loader:1339:12)
    at require (node:internal/modules/helpers:135:16)
    at Object.<anonymous> (C:\Users\harsh\Desktop\web_development\youtube_clone\routes\video.js:29:37)
2025-11-02 22:17:37 [[31merror[39m]: C:\Users\harsh\Desktop\web_development\youtube_clone\routes\auth.js:7
const lo
      ^^

SyntaxError: Missing initializer in const declaration
    at wrapSafe (node:internal/modules/cjs/loader:1469:18)
    at Module._compile (node:internal/modules/cjs/loader:1491:20)
    at Module._extensions..js (node:internal/modules/cjs/loader:1691:10)
    at Module.load (node:internal/modules/cjs/loader:1317:32)
    at Module._load (node:internal/modules/cjs/loader:1127:12)
    at TracingChannel.traceSync (node:diagnostics_channel:315:14)
    at wrapModuleLoad (node:internal/modules/cjs/loader:217:24)
    at Module.require (node:internal/modules/cjs/loader:1339:12)
    at require (node:internal/modules/helpers:135:16)
    at Object.<anonymous> (C:\Users\harsh\Desktop\web_development\youtube_clone\index.js:17:20)
2025-11-02 22:18:28 [[31merror[39m]: TypeError [ERR_INVALID_ARG_VALUE]: The argument 'id' must be a non-empty string. Received ''
    at Module.require (node:internal/modules/cjs/loader:1334:11)
    at require (node:internal/modules/helpers:135:16)
    at Object.<anonymous> (C:\Users\harsh\Desktop\web_development\youtube_clone\routes\subscribe.js:6:16)
    at Module._compile (node:internal/modules/cjs/loader:1546:14)
    at Module._extensions..js (node:internal/modules/cjs/loader:1691:10)
    at Module.load (node:internal/modules/cjs/loader:1317:32)
    at Module._load (node:internal/modules/cjs/loader:1127:12)
    at TracingChannel.traceSync (node:diagnostics_channel:315:14)
    at wrapModuleLoad (node:internal/modules/cjs/loader:217:24)
    at Module.require (node:internal/modules/cjs/loader:1339:12)
2025-11-02 22:20:09 [[31merror[39m]: TypeError: Cannot create property 'Symbol(level)' on string 'Server is running on http://localhost:8000'
    at DerivedLogger.log (C:\Users\harsh\Desktop\web_development\youtube_clone\node_modules\winston\lib\winston\logger.js:236:20)
    at Server.<anonymous> (C:\Users\harsh\Desktop\web_development\youtube_clone\index.js:41:10)
    at Server.f (C:\Users\harsh\Desktop\web_development\youtube_clone\node_modules\once\once.js:25:25)
    at Object.onceWrapper (node:events:634:28)
    at Server.emit (node:events:532:35)
    at Server.emit (node:domain:488:12)
    at emitListeningNT (node:net:1946:10)
    at process.processTicksAndRejections (node:internal/process/task_queues:89:21)
2025-11-02 22:20:30 [[31merror[39m]: TypeError: Cannot create property 'Symbol(level)' on string 'Server is running on http://localhost:8000'
    at DerivedLogger.log (C:\Users\harsh\Desktop\web_development\youtube_clone\node_modules\winston\lib\winston\logger.js:236:20)
    at Server.<anonymous> (C:\Users\harsh\Desktop\web_development\youtube_clone\index.js:41:10)
    at Server.f (C:\Users\harsh\Desktop\web_development\youtube_clone\node_modules\once\once.js:25:25)
    at Object.onceWrapper (node:events:634:28)
    at Server.emit (node:events:532:35)
    at Server.emit (node:domain:488:12)
    at emitListeningNT (node:net:1946:10)
    at process.processTicksAndRejections (node:internal/process/task_queues:89:21)
2025-11-02 22:20:41 [[31merror[39m]: TypeError: Cannot create property 'Symbol(level)' on string 'Server is running on http://localhost:8000'
    at DerivedLogger.log (C:\Users\harsh\Desktop\web_development\youtube_clone\node_modules\winston\lib\winston\logger.js:236:20)
    at Server.<anonymous> (C:\Users\harsh\Desktop\web_development\youtube_clone\index.js:41:10)
    at Server.f (C:\Users\harsh\Desktop\web_development\youtube_clone\node_modules\once\once.js:25:25)
    at Object.onceWrapper (node:events:634:28)
    at Server.emit (node:events:532:35)
    at Server.emit (node:domain:488:12)
    at emitListeningNT (node:net:1946:10)
    at process.processTicksAndRejections (node:internal/process/task_queues:89:21)
2025-11-02 22:21:24 [[31merror[39m]: TypeError: Cannot create property 'Symbol(level)' on string 'Server is running on http://localhost:8000'
    at DerivedLogger.log (C:\Users\harsh\Desktop\web_development\youtube_clone\node_modules\winston\lib\winston\logger.js:236:20)
    at Server.<anonymous> (C:\Users\harsh\Desktop\web_development\youtube_clone\index.js:41:10)
    at Server.f (C:\Users\harsh\Desktop\web_development\youtube_clone\node_modules\once\once.js:25:25)
    at Object.onceWrapper (node:events:634:28)
    at Server.emit (node:events:532:35)
    at Server.emit (node:domain:488:12)
    at emitListeningNT (node:net:1946:10)
    at process.processTicksAndRejections (node:internal/process/task_queues:89:21)
2025-11-03 22:24:04 [[31merror[39m]: TypeError: Cannot create property 'Symbol(level)' on string 'Server is running on http://localhost:8000'
    at DerivedLogger.log (C:\Users\harsh\Desktop\web_development\youtube_clone\node_modules\winston\lib\winston\logger.js:236:20)
    at Server.<anonymous> (C:\Users\harsh\Desktop\web_development\youtube_clone\index.js:42:10)
    at Server.f (C:\Users\harsh\Desktop\web_development\youtube_clone\node_modules\once\once.js:25:25)
    at Object.onceWrapper (node:events:634:28)
    at Server.emit (node:events:532:35)
    at Server.emit (node:domain:488:12)
    at emitListeningNT (node:net:1946:10)
    at process.processTicksAndRejections (node:internal/process/task_queues:89:21)
2025-11-04 17:18:35 [[31merror[39m]: TypeError: Cannot create property 'Symbol(level)' on string 'Server is running on http://0.0.0.0:8000'
    at DerivedLogger.log (C:\Users\harsh\Desktop\web_development\youtube_clone\node_modules\winston\lib\winston\logger.js:236:20)
    at Server.<anonymous> (C:\Users\harsh\Desktop\web_development\youtube_clone\index.js:42:10)
    at Server.f (C:\Users\harsh\Desktop\web_development\youtube_clone\node_modules\once\once.js:25:25)
    at Object.onceWrapper (node:events:634:28)
    at Server.emit (node:events:532:35)
    at Server.emit (node:domain:488:12)
    at emitListeningNT (node:net:1946:10)
    at process.processTicksAndRejections (node:internal/process/task_queues:89:21)
2025-11-04 17:19:20 [[31merror[39m]: TypeError: Cannot create property 'Symbol(level)' on string 'Server is running on http://0.0.0.0:8000'
    at DerivedLogger.log (C:\Users\harsh\Desktop\web_development\youtube_clone\node_modules\winston\lib\winston\logger.js:236:20)
    at Server.<anonymous> (C:\Users\harsh\Desktop\web_development\youtube_clone\index.js:42:10)
    at Server.f (C:\Users\harsh\Desktop\web_development\youtube_clone\node_modules\once\once.js:25:25)
    at Object.onceWrapper (node:events:634:28)
    at Server.emit (node:events:532:35)
    at Server.emit (node:domain:488:12)
    at emitListeningNT (node:net:1946:10)
    at process.processTicksAndRejections (node:internal/process/task_queues:89:21)
2025-11-04 17:19:40 [[31merror[39m]: TypeError: Cannot create property 'Symbol(level)' on string 'Server is running on http://0.0.0.0:8000'
    at DerivedLogger.log (C:\Users\harsh\Desktop\web_development\youtube_clone\node_modules\winston\lib\winston\logger.js:236:20)
    at Server.<anonymous> (C:\Users\harsh\Desktop\web_development\youtube_clone\index.js:42:10)
    at Server.f (C:\Users\harsh\Desktop\web_development\youtube_clone\node_modules\once\once.js:25:25)
    at Object.onceWrapper (node:events:634:28)
    at Server.emit (node:events:532:35)
    at Server.emit (node:domain:488:12)
    at emitListeningNT (node:net:1946:10)
    at process.processTicksAndRejections (node:internal/process/task_queues:89:21)
2025-11-04 17:28:24 [[31merror[39m]: TypeError: Cannot create property 'Symbol(level)' on string 'Server is running on http://0.0.0.0:8000'
    at DerivedLogger.log (C:\Users\harsh\Desktop\web_development\youtube_clone\node_modules\winston\lib\winston\logger.js:236:20)
    at Server.<anonymous> (C:\Users\harsh\Desktop\web_development\youtube_clone\index.js:44:10)
    at Server.f (C:\Users\harsh\Desktop\web_development\youtube_clone\node_modules\once\once.js:25:25)
    at Object.onceWrapper (node:events:634:28)
    at Server.emit (node:events:532:35)
    at Server.emit (node:domain:488:12)
    at emitListeningNT (node:net:1946:10)
    at process.processTicksAndRejections (node:internal/process/task_queues:89:21)
2025-11-04 17:30:20 [[31merror[39m]: TypeError: Cannot create property 'Symbol(level)' on string 'Server is running on http://0.0.0.0:8000'
    at DerivedLogger.log (C:\Users\harsh\Desktop\web_development\youtube_clone\node_modules\winston\lib\winston\logger.js:236:20)
    at Server.<anonymous> (C:\Users\harsh\Desktop\web_development\youtube_clone\index.js:44:10)
    at Server.f (C:\Users\harsh\Desktop\web_development\youtube_clone\node_modules\once\once.js:25:25)
    at Object.onceWrapper (node:events:634:28)
    at Server.emit (node:events:532:35)
    at Server.emit (node:domain:488:12)
    at emitListeningNT (node:net:1946:10)
    at process.processTicksAndRejections (node:internal/process/task_queues:89:21)
2025-11-11 09:16:31 [[31merror[39m]: ReferenceError: g is not defined
    at Object.<anonymous> (C:\Users\harsh\Desktop\web_development\youtube_clone\index.js:45:4)
    at Module._compile (node:internal/modules/cjs/loader:1546:14)
    at Module._extensions..js (node:internal/modules/cjs/loader:1691:10)
    at Module.load (node:internal/modules/cjs/loader:1317:32)
    at Module._load (node:internal/modules/cjs/loader:1127:12)
    at TracingChannel.traceSync (node:diagnostics_channel:315:14)
    at wrapModuleLoad (node:internal/modules/cjs/loader:217:24)
    at Function.executeUserEntryPoint [as runMain] (node:internal/modules/run_main:166:5)
    at node:internal/main/run_main_module:30:49
2025-11-11 09:16:54 [[31merror[39m]: ReferenceError: g is not defined
    at Object.<anonymous> (C:\Users\harsh\Desktop\web_development\youtube_clone\index.js:45:4)
    at Module._compile (node:internal/modules/cjs/loader:1546:14)
    at Module._extensions..js (node:internal/modules/cjs/loader:1691:10)
    at Module.load (node:internal/modules/cjs/loader:1317:32)
    at Module._load (node:internal/modules/cjs/loader:1127:12)
    at TracingChannel.traceSync (node:diagnostics_channel:315:14)
    at wrapModuleLoad (node:internal/modules/cjs/loader:217:24)
    at Function.executeUserEntryPoint [as runMain] (node:internal/modules/run_main:166:5)
    at node:internal/main/run_main_module:30:49
2025-11-11 09:17:25 [[31merror[39m]: ReferenceError: g is not defined
    at Object.<anonymous> (C:\Users\harsh\Desktop\web_development\youtube_clone\index.js:45:4)
    at Module._compile (node:internal/modules/cjs/loader:1546:14)
    at Module._extensions..js (node:internal/modules/cjs/loader:1691:10)
    at Module.load (node:internal/modules/cjs/loader:1317:32)
    at Module._load (node:internal/modules/cjs/loader:1127:12)
    at TracingChannel.traceSync (node:diagnostics_channel:315:14)
    at wrapModuleLoad (node:internal/modules/cjs/loader:217:24)
    at Function.executeUserEntryPoint [as runMain] (node:internal/modules/run_main:166:5)
    at node:internal/main/run_main_module:30:49
2025-11-11 09:17:25 [[31merror[39m]: ReferenceError: g is not defined
    at Object.<anonymous> (C:\Users\harsh\Desktop\web_development\youtube_clone\index.js:45:4)
    at Module._compile (node:internal/modules/cjs/loader:1546:14)
    at Module._extensions..js (node:internal/modules/cjs/loader:1691:10)
    at Module.load (node:internal/modules/cjs/loader:1317:32)
    at Module._load (node:internal/modules/cjs/loader:1127:12)
    at TracingChannel.traceSync (node:diagnostics_channel:315:14)
    at wrapModuleLoad (node:internal/modules/cjs/loader:217:24)
    at Function.executeUserEntryPoint [as runMain] (node:internal/modules/run_main:166:5)
    at node:internal/main/run_main_module:30:49
2025-11-11 09:29:51 [[31merror[39m]: ReferenceError: g is not defined
    at Object.<anonymous> (C:\Users\harsh\Desktop\web_development\youtube_clone\index.js:45:4)
    at Module._compile (node:internal/modules/cjs/loader:1546:14)
    at Module._extensions..js (node:internal/modules/cjs/loader:1691:10)
    at Module.load (node:internal/modules/cjs/loader:1317:32)
    at Module._load (node:internal/modules/cjs/loader:1127:12)
    at TracingChannel.traceSync (node:diagnostics_channel:315:14)
    at wrapModuleLoad (node:internal/modules/cjs/loader:217:24)
    at Function.executeUserEntryPoint [as runMain] (node:internal/modules/run_main:166:5)
    at node:internal/main/run_main_module:30:49
2025-11-11 09:30:10 [[31merror[39m]: ReferenceError: g is not defined
    at Object.<anonymous> (C:\Users\harsh\Desktop\web_development\youtube_clone\index.js:45:4)
    at Module._compile (node:internal/modules/cjs/loader:1546:14)
    at Module._extensions..js (node:internal/modules/cjs/loader:1691:10)
    at Module.load (node:internal/modules/cjs/loader:1317:32)
    at Module._load (node:internal/modules/cjs/loader:1127:12)
    at TracingChannel.traceSync (node:diagnostics_channel:315:14)
    at wrapModuleLoad (node:internal/modules/cjs/loader:217:24)
    at Function.executeUserEntryPoint [as runMain] (node:internal/modules/run_main:166:5)
    at node:internal/main/run_main_module:30:49
2025-11-11 10:11:22 [[31merror[39m]: ReferenceError: g is not defined
    at Object.<anonymous> (C:\Users\harsh\Desktop\web_development\youtube_clone\index.js:45:4)
    at Module._compile (node:internal/modules/cjs/loader:1546:14)
    at Module._extensions..js (node:internal/modules/cjs/loader:1691:10)
    at Module.load (node:internal/modules/cjs/loader:1317:32)
    at Module._load (node:internal/modules/cjs/loader:1127:12)
    at TracingChannel.traceSync (node:diagnostics_channel:315:14)
    at wrapModuleLoad (node:internal/modules/cjs/loader:217:24)
    at Function.executeUserEntryPoint [as runMain] (node:internal/modules/run_main:166:5)
    at node:internal/main/run_main_module:30:49
2025-11-11 10:25:17 [[31merror[39m]: TypeError: colors[Colorizer.allColors[lookup]] is not a function
    at Colorizer.colorize (C:\Users\harsh\Desktop\web_development\youtube_clone\node_modules\logform\colorize.js:73:49)
    at Colorizer.transform (C:\Users\harsh\Desktop\web_development\youtube_clone\node_modules\logform\colorize.js:98:25)
    at Format.transform (C:\Users\harsh\Desktop\web_development\youtube_clone\node_modules\logform\combine.js:20:24)
    at DerivedLogger._transform (C:\Users\harsh\Desktop\web_development\youtube_clone\node_modules\winston\lib\winston\logger.js:336:29)
    at Transform._read (C:\Users\harsh\Desktop\web_development\youtube_clone\node_modules\readable-stream\lib\_stream_transform.js:166:10)
    at Transform._write (C:\Users\harsh\Desktop\web_development\youtube_clone\node_modules\readable-stream\lib\_stream_transform.js:155:83)
    at doWrite (C:\Users\harsh\Desktop\web_development\youtube_clone\node_modules\readable-stream\lib\_stream_writable.js:390:139)
    at writeOrBuffer (C:\Users\harsh\Desktop\web_development\youtube_clone\node_modules\readable-stream\lib\_stream_writable.js:381:5)
    at Writable.write (C:\Users\harsh\Desktop\web_development\youtube_clone\node_modules\readable-stream\lib\_stream_writable.js:302:11)
    at DerivedLogger.log (C:\Users\harsh\Desktop\web_development\youtube_clone\node_modules\winston\lib\winston\logger.js:253:12)
